<?xml version="1.0" encoding="UTF-8"?>
<testng-results ignored="0" total="4" passed="4" failed="0" skipped="0">
  <reporter-output>
  </reporter-output>
  <suite started-at="2022-09-25T11:00:55 ICT" name="Default suite" finished-at="2022-09-25T11:01:28 ICT" duration-ms="33097">
    <groups>
    </groups>
    <test started-at="2022-09-25T11:00:55 ICT" name="Default test" finished-at="2022-09-25T11:01:28 ICT" duration-ms="33097">
      <class name="ujian.ujiankelima.runner.TestCatatanKeuangan">
        <test-method is-config="true" signature="setUp()[pri:0, instance:ujian.ujiankelima.runner.TestCatatanKeuangan@3e27ba32]" started-at="2022-09-25T11:00:55 ICT" name="setUp" finished-at="2022-09-25T11:01:08 ICT" duration-ms="13021" status="PASS">
          <reporter-output>
          </reporter-output>
        </test-method> <!-- setUp -->
        <test-method signature="testAdd()[pri:0, instance:ujian.ujiankelima.runner.TestCatatanKeuangan@3e27ba32]" started-at="2022-09-25T11:01:08 ICT" name="testAdd" finished-at="2022-09-25T11:01:12 ICT" duration-ms="4709" status="PASS">
          <reporter-output>
          </reporter-output>
        </test-method> <!-- testAdd -->
        <test-method signature="testAddIncome()[pri:1, instance:ujian.ujiankelima.runner.TestCatatanKeuangan@3e27ba32]" started-at="2022-09-25T11:01:12 ICT" name="testAddIncome" finished-at="2022-09-25T11:01:16 ICT" duration-ms="4086" status="PASS">
          <reporter-output>
          </reporter-output>
        </test-method> <!-- testAddIncome -->
        <test-method signature="testDeleteData()[pri:2, instance:ujian.ujiankelima.runner.TestCatatanKeuangan@3e27ba32]" started-at="2022-09-25T11:01:16 ICT" name="testDeleteData" finished-at="2022-09-25T11:01:19 ICT" duration-ms="2751" status="PASS">
          <reporter-output>
          </reporter-output>
        </test-method> <!-- testDeleteData -->
        <test-method signature="testExport()[pri:3, instance:ujian.ujiankelima.runner.TestCatatanKeuangan@3e27ba32]" started-at="2022-09-25T11:01:19 ICT" name="testExport" finished-at="2022-09-25T11:01:27 ICT" duration-ms="7602" status="PASS">
          <reporter-output>
          </reporter-output>
        </test-method> <!-- testExport -->
        <test-method is-config="true" signature="closeApp()[pri:0, instance:ujian.ujiankelima.runner.TestCatatanKeuangan@3e27ba32]" started-at="2022-09-25T11:01:27 ICT" name="closeApp" finished-at="2022-09-25T11:01:28 ICT" duration-ms="880" status="PASS">
          <reporter-output>
          </reporter-output>
        </test-method> <!-- closeApp -->
      </class> <!-- ujian.ujiankelima.runner.TestCatatanKeuangan -->
    </test> <!-- Default test -->
  </suite> <!-- Default suite -->
</testng-results>
