<?xml version="1.0" encoding="UTF-8"?>
<!-- Generated by org.testng.reporters.JUnitXMLReporter -->
<testsuite ignored="0" hostname="LAPTOP-ASKQ9BMM" failures="0" tests="4" name="Default test" time="33.097" errors="0" timestamp="2022-09-25T11:01:28 ICT">
  <testcase classname="ujian.ujiankelima.runner.TestCatatanKeuangan" name="testAdd" time="4.709"/>
  <testcase classname="ujian.ujiankelima.runner.TestCatatanKeuangan" name="testAddIncome" time="4.086"/>
  <testcase classname="ujian.ujiankelima.runner.TestCatatanKeuangan" name="testDeleteData" time="2.751"/>
  <testcase classname="ujian.ujiankelima.runner.TestCatatanKeuangan" name="testExport" time="7.602"/>
</testsuite> <!-- Default test -->
